This file contains any messages produced by compilers while
running configure, to aid debugging if configure makes a mistake.

It was created by libshout configure 2.2.2, which was
generated by GNU Autoconf 2.59.  Invocation command line was

  $ ./configure 

## --------- ##
## Platform. ##
## --------- ##

hostname = lincolnsto-ltm1.internal.salesforce.com
uname -m = x86_64
uname -r = 15.4.0
uname -s = Darwin
uname -v = Darwin Kernel Version 15.4.0: Fri Feb 26 22:08:05 PST 2016; root:xnu-3248.40.184~3/RELEASE_X86_64

/usr/bin/uname -p = i386
/bin/uname -X     = unknown

/bin/arch              = unknown
/usr/bin/arch -k       = unknown
/usr/convex/getsysinfo = unknown
hostinfo               = Mach kernel version:
	 Darwin Kernel Version 15.4.0: Fri Feb 26 22:08:05 PST 2016; root:xnu-3248.40.184~3/RELEASE_X86_64
Kernel configured for up to 4 processors.
2 processors are physically available.
4 processors are logically available.
Processor type: x86_64h (Intel x86-64h Haswell)
Processors active: 0 1 2 3
Primary memory available: 16.00 gigabytes
Default processor set: 406 tasks, 2062 threads, 4 processors
Load average: 1.58, Mach factor: 2.41
/bin/machine           = unknown
/usr/bin/oslevel       = unknown
/bin/universe          = unknown

PATH: /Users/lincoln.stoll/.rbenv/shims
PATH: /Users/lincoln.stoll/bin
PATH: /Users/lincoln.stoll/src/github.com/lstoll/dotfiles/bin
PATH: /usr/local/bin
PATH: /usr/bin
PATH: /bin
PATH: /usr/sbin
PATH: /sbin
PATH: /usr/local/MacGPG2/bin


## ----------- ##
## Core tests. ##
## ----------- ##

configure:1647: checking for a BSD-compatible install
configure:1702: result: /usr/bin/install -c
configure:1713: checking whether build environment is sane
configure:1756: result: yes
configure:1821: checking for gawk
configure:1850: result: no
configure:1821: checking for mawk
configure:1850: result: no
configure:1821: checking for nawk
configure:1850: result: no
configure:1821: checking for awk
configure:1837: found /usr/bin/awk
configure:1847: result: awk
configure:1857: checking whether make sets $(MAKE)
configure:1877: result: yes
configure:2045: checking whether to enable maintainer-specific portions of Makefiles
configure:2054: result: no
configure:2119: checking for gcc
configure:2135: found /usr/bin/gcc
configure:2145: result: gcc
configure:2389: checking for C compiler version
configure:2392: gcc --version </dev/null >&5
Configured with: --prefix=/Applications/Xcode.app/Contents/Developer/usr --with-gxx-include-dir=/usr/include/c++/4.2.1
Apple LLVM version 7.3.0 (clang-703.0.29)
Target: x86_64-apple-darwin15.4.0
Thread model: posix
InstalledDir: /Applications/Xcode.app/Contents/Developer/Toolchains/XcodeDefault.xctoolchain/usr/bin
configure:2395: $? = 0
configure:2397: gcc -v </dev/null >&5
Configured with: --prefix=/Applications/Xcode.app/Contents/Developer/usr --with-gxx-include-dir=/usr/include/c++/4.2.1
Apple LLVM version 7.3.0 (clang-703.0.29)
Target: x86_64-apple-darwin15.4.0
Thread model: posix
InstalledDir: /Applications/Xcode.app/Contents/Developer/Toolchains/XcodeDefault.xctoolchain/usr/bin
configure:2400: $? = 0
configure:2402: gcc -V </dev/null >&5
clang: error: argument to '-V' is missing (expected 1 value)
clang: error: no input files
configure:2405: $? = 1
configure:2428: checking for C compiler default output file name
configure:2431: gcc    conftest.c  >&5
configure:2434: $? = 0
configure:2480: result: a.out
configure:2485: checking whether the C compiler works
configure:2491: ./a.out
configure:2494: $? = 0
configure:2511: result: yes
configure:2518: checking whether we are cross compiling
configure:2520: result: no
configure:2523: checking for suffix of executables
configure:2525: gcc -o conftest    conftest.c  >&5
configure:2528: $? = 0
configure:2553: result: 
configure:2559: checking for suffix of object files
configure:2580: gcc -c   conftest.c >&5
configure:2583: $? = 0
configure:2605: result: o
configure:2609: checking whether we are using the GNU C compiler
configure:2633: gcc -c   conftest.c >&5
configure:2639: $? = 0
configure:2642: test -z 			 || test ! -s conftest.err
configure:2645: $? = 0
configure:2648: test -s conftest.o
configure:2651: $? = 0
configure:2664: result: yes
configure:2670: checking whether gcc accepts -g
configure:2691: gcc -c -g  conftest.c >&5
configure:2697: $? = 0
configure:2700: test -z 			 || test ! -s conftest.err
configure:2703: $? = 0
configure:2706: test -s conftest.o
configure:2709: $? = 0
configure:2720: result: yes
configure:2737: checking for gcc option to accept ANSI C
configure:2807: gcc  -c -g -O2  conftest.c >&5
configure:2813: $? = 0
configure:2816: test -z 			 || test ! -s conftest.err
configure:2819: $? = 0
configure:2822: test -s conftest.o
configure:2825: $? = 0
configure:2843: result: none needed
configure:2861: gcc -c -g -O2  conftest.c >&5
conftest.c:2:3: error: unknown type name 'choke'
  choke me
  ^
conftest.c:2:11: error: expected ';' after top level declarator
  choke me
          ^
          ;
2 errors generated.
configure:2867: $? = 1
configure: failed program was:
| #ifndef __cplusplus
|   choke me
| #endif
configure:3008: checking for style of include used by make
configure:3036: result: GNU
configure:3064: checking dependency style of gcc
configure:3154: result: gcc3
configure:3249: checking build system type
configure:3267: result: i686-apple-darwin15.4.0
configure:3275: checking host system type
configure:3289: result: i686-apple-darwin15.4.0
configure:3297: checking for a sed that does not truncate output
configure:3351: result: /usr/bin/sed
configure:3354: checking for egrep
configure:3364: result: grep -E
configure:3380: checking for ld used by gcc
configure:3447: result: /Applications/Xcode.app/Contents/Developer/Toolchains/XcodeDefault.xctoolchain/usr/bin/ld
configure:3456: checking if the linker (/Applications/Xcode.app/Contents/Developer/Toolchains/XcodeDefault.xctoolchain/usr/bin/ld) is GNU ld
configure:3471: result: no
configure:3476: checking for /Applications/Xcode.app/Contents/Developer/Toolchains/XcodeDefault.xctoolchain/usr/bin/ld option to reload object files
configure:3483: result: -r
configure:3501: checking for BSD-compatible nm
configure:3550: result: /usr/bin/nm -B
configure:3554: checking whether ln -s works
configure:3558: result: yes
configure:3565: checking how to recognise dependent libraries
configure:3741: result: pass_all
configure:3977: checking how to run the C preprocessor
configure:4012: gcc -E  conftest.c
configure:4018: $? = 0
configure:4050: gcc -E  conftest.c
conftest.c:14:10: fatal error: 'ac_nonexistent.h' file not found
#include <ac_nonexistent.h>
         ^
1 error generated.
configure:4056: $? = 1
configure: failed program was:
| /* confdefs.h.  */
| 
| #define PACKAGE_NAME "libshout"
| #define PACKAGE_TARNAME "libshout"
| #define PACKAGE_VERSION "2.2.2"
| #define PACKAGE_STRING "libshout 2.2.2"
| #define PACKAGE_BUGREPORT "icecast-dev@xiph.org"
| #define LIBSHOUT_MAJOR 2
| #define LIBSHOUT_MINOR 2
| #define LIBSHOUT_MICRO 2
| #define PACKAGE "libshout"
| #define VERSION "2.2.2"
| /* end confdefs.h.  */
| #include <ac_nonexistent.h>
configure:4095: result: gcc -E
configure:4119: gcc -E  conftest.c
configure:4125: $? = 0
configure:4157: gcc -E  conftest.c
conftest.c:14:10: fatal error: 'ac_nonexistent.h' file not found
#include <ac_nonexistent.h>
         ^
1 error generated.
configure:4163: $? = 1
configure: failed program was:
| /* confdefs.h.  */
| 
| #define PACKAGE_NAME "libshout"
| #define PACKAGE_TARNAME "libshout"
| #define PACKAGE_VERSION "2.2.2"
| #define PACKAGE_STRING "libshout 2.2.2"
| #define PACKAGE_BUGREPORT "icecast-dev@xiph.org"
| #define LIBSHOUT_MAJOR 2
| #define LIBSHOUT_MINOR 2
| #define LIBSHOUT_MICRO 2
| #define PACKAGE "libshout"
| #define VERSION "2.2.2"
| /* end confdefs.h.  */
| #include <ac_nonexistent.h>
configure:4207: checking for ANSI C header files
configure:4232: gcc -c -g -O2  conftest.c >&5
configure:4238: $? = 0
configure:4241: test -z 			 || test ! -s conftest.err
configure:4244: $? = 0
configure:4247: test -s conftest.o
configure:4250: $? = 0
configure:4339: gcc -o conftest -g -O2   conftest.c  >&5
conftest.c:31:7: warning: implicitly declaring library function 'exit' with type 'void (int) __attribute__((noreturn))' [-Wimplicit-function-declaration]
      exit(2);
      ^
conftest.c:31:7: note: include the header <stdlib.h> or explicitly provide a declaration for 'exit'
1 warning generated.
configure:4342: $? = 0
configure:4344: ./conftest
configure:4347: $? = 0
configure:4362: result: yes
configure:4386: checking for sys/types.h
configure:4402: gcc -c -g -O2  conftest.c >&5
configure:4408: $? = 0
configure:4411: test -z 			 || test ! -s conftest.err
configure:4414: $? = 0
configure:4417: test -s conftest.o
configure:4420: $? = 0
configure:4431: result: yes
configure:4386: checking for sys/stat.h
configure:4402: gcc -c -g -O2  conftest.c >&5
configure:4408: $? = 0
configure:4411: test -z 			 || test ! -s conftest.err
configure:4414: $? = 0
configure:4417: test -s conftest.o
configure:4420: $? = 0
configure:4431: result: yes
configure:4386: checking for stdlib.h
configure:4402: gcc -c -g -O2  conftest.c >&5
configure:4408: $? = 0
configure:4411: test -z 			 || test ! -s conftest.err
configure:4414: $? = 0
configure:4417: test -s conftest.o
configure:4420: $? = 0
configure:4431: result: yes
configure:4386: checking for string.h
configure:4402: gcc -c -g -O2  conftest.c >&5
configure:4408: $? = 0
configure:4411: test -z 			 || test ! -s conftest.err
configure:4414: $? = 0
configure:4417: test -s conftest.o
configure:4420: $? = 0
configure:4431: result: yes
configure:4386: checking for memory.h
configure:4402: gcc -c -g -O2  conftest.c >&5
configure:4408: $? = 0
configure:4411: test -z 			 || test ! -s conftest.err
configure:4414: $? = 0
configure:4417: test -s conftest.o
configure:4420: $? = 0
configure:4431: result: yes
configure:4386: checking for strings.h
configure:4402: gcc -c -g -O2  conftest.c >&5
configure:4408: $? = 0
configure:4411: test -z 			 || test ! -s conftest.err
configure:4414: $? = 0
configure:4417: test -s conftest.o
configure:4420: $? = 0
configure:4431: result: yes
configure:4386: checking for inttypes.h
configure:4402: gcc -c -g -O2  conftest.c >&5
configure:4408: $? = 0
configure:4411: test -z 			 || test ! -s conftest.err
configure:4414: $? = 0
configure:4417: test -s conftest.o
configure:4420: $? = 0
configure:4431: result: yes
configure:4386: checking for stdint.h
configure:4402: gcc -c -g -O2  conftest.c >&5
configure:4408: $? = 0
configure:4411: test -z 			 || test ! -s conftest.err
configure:4414: $? = 0
configure:4417: test -s conftest.o
configure:4420: $? = 0
configure:4431: result: yes
configure:4386: checking for unistd.h
configure:4402: gcc -c -g -O2  conftest.c >&5
configure:4408: $? = 0
configure:4411: test -z 			 || test ! -s conftest.err
configure:4414: $? = 0
configure:4417: test -s conftest.o
configure:4420: $? = 0
configure:4431: result: yes
configure:4457: checking dlfcn.h usability
configure:4469: gcc -c -g -O2  conftest.c >&5
configure:4475: $? = 0
configure:4478: test -z 			 || test ! -s conftest.err
configure:4481: $? = 0
configure:4484: test -s conftest.o
configure:4487: $? = 0
configure:4497: result: yes
configure:4501: checking dlfcn.h presence
configure:4511: gcc -E  conftest.c
configure:4517: $? = 0
configure:4537: result: yes
configure:4572: checking for dlfcn.h
configure:4579: result: yes
configure:4644: checking for g++
configure:4660: found /usr/bin/g++
configure:4670: result: g++
configure:4686: checking for C++ compiler version
configure:4689: g++ --version </dev/null >&5
Configured with: --prefix=/Applications/Xcode.app/Contents/Developer/usr --with-gxx-include-dir=/usr/include/c++/4.2.1
Apple LLVM version 7.3.0 (clang-703.0.29)
Target: x86_64-apple-darwin15.4.0
Thread model: posix
InstalledDir: /Applications/Xcode.app/Contents/Developer/Toolchains/XcodeDefault.xctoolchain/usr/bin
configure:4692: $? = 0
configure:4694: g++ -v </dev/null >&5
Configured with: --prefix=/Applications/Xcode.app/Contents/Developer/usr --with-gxx-include-dir=/usr/include/c++/4.2.1
Apple LLVM version 7.3.0 (clang-703.0.29)
Target: x86_64-apple-darwin15.4.0
Thread model: posix
InstalledDir: /Applications/Xcode.app/Contents/Developer/Toolchains/XcodeDefault.xctoolchain/usr/bin
configure:4697: $? = 0
configure:4699: g++ -V </dev/null >&5
clang: error: argument to '-V' is missing (expected 1 value)
clang: error: no input files
configure:4702: $? = 1
configure:4705: checking whether we are using the GNU C++ compiler
configure:4729: g++ -c   conftest.cc >&5
configure:4735: $? = 0
configure:4738: test -z 			 || test ! -s conftest.err
configure:4741: $? = 0
configure:4744: test -s conftest.o
configure:4747: $? = 0
configure:4760: result: yes
configure:4766: checking whether g++ accepts -g
configure:4787: g++ -c -g  conftest.cc >&5
configure:4793: $? = 0
configure:4796: test -z 			 || test ! -s conftest.err
configure:4799: $? = 0
configure:4802: test -s conftest.o
configure:4805: $? = 0
configure:4816: result: yes
configure:4858: g++ -c -g -O2  conftest.cc >&5
configure:4864: $? = 0
configure:4867: test -z 			 || test ! -s conftest.err
configure:4870: $? = 0
configure:4873: test -s conftest.o
configure:4876: $? = 0
configure:4902: g++ -c -g -O2  conftest.cc >&5
conftest.cc:29:1: error: use of undeclared identifier 'exit'
exit (42);
^
1 error generated.
configure:4908: $? = 1
configure: failed program was:
| /* confdefs.h.  */
| 
| #define PACKAGE_NAME "libshout"
| #define PACKAGE_TARNAME "libshout"
| #define PACKAGE_VERSION "2.2.2"
| #define PACKAGE_STRING "libshout 2.2.2"
| #define PACKAGE_BUGREPORT "icecast-dev@xiph.org"
| #define LIBSHOUT_MAJOR 2
| #define LIBSHOUT_MINOR 2
| #define LIBSHOUT_MICRO 2
| #define PACKAGE "libshout"
| #define VERSION "2.2.2"
| #define STDC_HEADERS 1
| #define HAVE_SYS_TYPES_H 1
| #define HAVE_SYS_STAT_H 1
| #define HAVE_STDLIB_H 1
| #define HAVE_STRING_H 1
| #define HAVE_MEMORY_H 1
| #define HAVE_STRINGS_H 1
| #define HAVE_INTTYPES_H 1
| #define HAVE_STDINT_H 1
| #define HAVE_UNISTD_H 1
| #define HAVE_DLFCN_H 1
| /* end confdefs.h.  */
| 
| int
| main ()
| {
| exit (42);
|   ;
|   return 0;
| }
configure:4858: g++ -c -g -O2  conftest.cc >&5
conftest.cc:25:17: error: use of undeclared identifier 'std'
extern "C" void std::exit (int) throw (); using std::exit;
                ^
conftest.cc:25:49: error: use of undeclared identifier 'std'
extern "C" void std::exit (int) throw (); using std::exit;
                                                ^
2 errors generated.
configure:4864: $? = 1
configure: failed program was:
| /* confdefs.h.  */
| 
| #define PACKAGE_NAME "libshout"
| #define PACKAGE_TARNAME "libshout"
| #define PACKAGE_VERSION "2.2.2"
| #define PACKAGE_STRING "libshout 2.2.2"
| #define PACKAGE_BUGREPORT "icecast-dev@xiph.org"
| #define LIBSHOUT_MAJOR 2
| #define LIBSHOUT_MINOR 2
| #define LIBSHOUT_MICRO 2
| #define PACKAGE "libshout"
| #define VERSION "2.2.2"
| #define STDC_HEADERS 1
| #define HAVE_SYS_TYPES_H 1
| #define HAVE_SYS_STAT_H 1
| #define HAVE_STDLIB_H 1
| #define HAVE_STRING_H 1
| #define HAVE_MEMORY_H 1
| #define HAVE_STRINGS_H 1
| #define HAVE_INTTYPES_H 1
| #define HAVE_STDINT_H 1
| #define HAVE_UNISTD_H 1
| #define HAVE_DLFCN_H 1
| /* end confdefs.h.  */
| extern "C" void std::exit (int) throw (); using std::exit;
| #include <stdlib.h>
| int
| main ()
| {
| exit (42);
|   ;
|   return 0;
| }
configure:4858: g++ -c -g -O2  conftest.cc >&5
conftest.cc:25:17: error: use of undeclared identifier 'std'
extern "C" void std::exit (int); using std::exit;
                ^
conftest.cc:25:40: error: use of undeclared identifier 'std'
extern "C" void std::exit (int); using std::exit;
                                       ^
2 errors generated.
configure:4864: $? = 1
configure: failed program was:
| /* confdefs.h.  */
| 
| #define PACKAGE_NAME "libshout"
| #define PACKAGE_TARNAME "libshout"
| #define PACKAGE_VERSION "2.2.2"
| #define PACKAGE_STRING "libshout 2.2.2"
| #define PACKAGE_BUGREPORT "icecast-dev@xiph.org"
| #define LIBSHOUT_MAJOR 2
| #define LIBSHOUT_MINOR 2
| #define LIBSHOUT_MICRO 2
| #define PACKAGE "libshout"
| #define VERSION "2.2.2"
| #define STDC_HEADERS 1
| #define HAVE_SYS_TYPES_H 1
| #define HAVE_SYS_STAT_H 1
| #define HAVE_STDLIB_H 1
| #define HAVE_STRING_H 1
| #define HAVE_MEMORY_H 1
| #define HAVE_STRINGS_H 1
| #define HAVE_INTTYPES_H 1
| #define HAVE_STDINT_H 1
| #define HAVE_UNISTD_H 1
| #define HAVE_DLFCN_H 1
| /* end confdefs.h.  */
| extern "C" void std::exit (int); using std::exit;
| #include <stdlib.h>
| int
| main ()
| {
| exit (42);
|   ;
|   return 0;
| }
configure:4858: g++ -c -g -O2  conftest.cc >&5
In file included from conftest.cc:26:
/usr/include/stdlib.h:142:7: error: 'exit' is missing exception specification 'throw()'
void     exit(int) __dead2;
         ^
conftest.cc:25:17: note: previous declaration is here
extern "C" void exit (int) throw ();
                ^
1 error generated.
configure:4864: $? = 1
configure: failed program was:
| /* confdefs.h.  */
| 
| #define PACKAGE_NAME "libshout"
| #define PACKAGE_TARNAME "libshout"
| #define PACKAGE_VERSION "2.2.2"
| #define PACKAGE_STRING "libshout 2.2.2"
| #define PACKAGE_BUGREPORT "icecast-dev@xiph.org"
| #define LIBSHOUT_MAJOR 2
| #define LIBSHOUT_MINOR 2
| #define LIBSHOUT_MICRO 2
| #define PACKAGE "libshout"
| #define VERSION "2.2.2"
| #define STDC_HEADERS 1
| #define HAVE_SYS_TYPES_H 1
| #define HAVE_SYS_STAT_H 1
| #define HAVE_STDLIB_H 1
| #define HAVE_STRING_H 1
| #define HAVE_MEMORY_H 1
| #define HAVE_STRINGS_H 1
| #define HAVE_INTTYPES_H 1
| #define HAVE_STDINT_H 1
| #define HAVE_UNISTD_H 1
| #define HAVE_DLFCN_H 1
| /* end confdefs.h.  */
| extern "C" void exit (int) throw ();
| #include <stdlib.h>
| int
| main ()
| {
| exit (42);
|   ;
|   return 0;
| }
configure:4858: g++ -c -g -O2  conftest.cc >&5
configure:4864: $? = 0
configure:4867: test -z 			 || test ! -s conftest.err
configure:4870: $? = 0
configure:4873: test -s conftest.o
configure:4876: $? = 0
configure:4902: g++ -c -g -O2  conftest.cc >&5
configure:4908: $? = 0
configure:4911: test -z 			 || test ! -s conftest.err
configure:4914: $? = 0
configure:4917: test -s conftest.o
configure:4920: $? = 0
configure:4945: checking dependency style of g++
configure:5035: result: gcc3
configure:5062: checking how to run the C++ preprocessor
configure:5093: g++ -E  conftest.cc
configure:5099: $? = 0
configure:5131: g++ -E  conftest.cc
conftest.cc:28:10: fatal error: 'ac_nonexistent.h' file not found
#include <ac_nonexistent.h>
         ^
1 error generated.
configure:5137: $? = 1
configure: failed program was:
| /* confdefs.h.  */
| 
| #define PACKAGE_NAME "libshout"
| #define PACKAGE_TARNAME "libshout"
| #define PACKAGE_VERSION "2.2.2"
| #define PACKAGE_STRING "libshout 2.2.2"
| #define PACKAGE_BUGREPORT "icecast-dev@xiph.org"
| #define LIBSHOUT_MAJOR 2
| #define LIBSHOUT_MINOR 2
| #define LIBSHOUT_MICRO 2
| #define PACKAGE "libshout"
| #define VERSION "2.2.2"
| #define STDC_HEADERS 1
| #define HAVE_SYS_TYPES_H 1
| #define HAVE_SYS_STAT_H 1
| #define HAVE_STDLIB_H 1
| #define HAVE_STRING_H 1
| #define HAVE_MEMORY_H 1
| #define HAVE_STRINGS_H 1
| #define HAVE_INTTYPES_H 1
| #define HAVE_STDINT_H 1
| #define HAVE_UNISTD_H 1
| #define HAVE_DLFCN_H 1
| #ifdef __cplusplus
| extern "C" void exit (int);
| #endif
| /* end confdefs.h.  */
| #include <ac_nonexistent.h>
configure:5176: result: g++ -E
configure:5200: g++ -E  conftest.cc
configure:5206: $? = 0
configure:5238: g++ -E  conftest.cc
conftest.cc:28:10: fatal error: 'ac_nonexistent.h' file not found
#include <ac_nonexistent.h>
         ^
1 error generated.
configure:5244: $? = 1
configure: failed program was:
| /* confdefs.h.  */
| 
| #define PACKAGE_NAME "libshout"
| #define PACKAGE_TARNAME "libshout"
| #define PACKAGE_VERSION "2.2.2"
| #define PACKAGE_STRING "libshout 2.2.2"
| #define PACKAGE_BUGREPORT "icecast-dev@xiph.org"
| #define LIBSHOUT_MAJOR 2
| #define LIBSHOUT_MINOR 2
| #define LIBSHOUT_MICRO 2
| #define PACKAGE "libshout"
| #define VERSION "2.2.2"
| #define STDC_HEADERS 1
| #define HAVE_SYS_TYPES_H 1
| #define HAVE_SYS_STAT_H 1
| #define HAVE_STDLIB_H 1
| #define HAVE_STRING_H 1
| #define HAVE_MEMORY_H 1
| #define HAVE_STRINGS_H 1
| #define HAVE_INTTYPES_H 1
| #define HAVE_STDINT_H 1
| #define HAVE_UNISTD_H 1
| #define HAVE_DLFCN_H 1
| #ifdef __cplusplus
| extern "C" void exit (int);
| #endif
| /* end confdefs.h.  */
| #include <ac_nonexistent.h>
configure:5341: checking for g77
configure:5370: result: no
configure:5341: checking for f77
configure:5370: result: no
configure:5341: checking for xlf
configure:5370: result: no
configure:5341: checking for frt
configure:5370: result: no
configure:5341: checking for pgf77
configure:5370: result: no
configure:5341: checking for fort77
configure:5370: result: no
configure:5341: checking for fl32
configure:5370: result: no
configure:5341: checking for af77
configure:5370: result: no
configure:5341: checking for f90
configure:5370: result: no
configure:5341: checking for xlf90
configure:5370: result: no
configure:5341: checking for pgf90
configure:5370: result: no
configure:5341: checking for epcf90
configure:5370: result: no
configure:5341: checking for f95
configure:5370: result: no
configure:5341: checking for fort
configure:5370: result: no
configure:5341: checking for xlf95
configure:5370: result: no
configure:5341: checking for ifc
configure:5370: result: no
configure:5341: checking for efc
configure:5370: result: no
configure:5341: checking for pgf95
configure:5370: result: no
configure:5341: checking for lf95
configure:5370: result: no
configure:5341: checking for gfortran
configure:5370: result: no
configure:5382: checking for Fortran 77 compiler version
configure:5385:  --version </dev/null >&5
./configure: line 5386: --version: command not found
configure:5388: $? = 127
configure:5390:  -v </dev/null >&5
./configure: line 5391: -v: command not found
configure:5393: $? = 127
configure:5395:  -V </dev/null >&5
./configure: line 5396: -V: command not found
configure:5398: $? = 127
configure:5406: checking whether we are using the GNU Fortran 77 compiler
configure:5420:  -c  conftest.F >&5
./configure: line 5421: -c: command not found
configure:5426: $? = 127
configure: failed program was:
|       program main
| #ifndef __GNUC__
|        choke me
| #endif
| 
|       end
configure:5451: result: no
configure:5457: checking whether  accepts -g
configure:5469:  -c -g conftest.f >&5
./configure: line 5470: -c: command not found
configure:5475: $? = 127
configure: failed program was:
|       program main
| 
|       end
configure:5499: result: no
configure:5529: checking the maximum length of command line arguments
configure:5638: result: 196608
configure:5649: checking command to parse /usr/bin/nm -B output from gcc object
configure:5754: gcc -c -g -O2  conftest.c >&5
configure:5757: $? = 0
configure:5761: /usr/bin/nm -B conftest.o \| sed -n -e 's/^.*[ 	]\([BCDEGRST][BCDEGRST]*\)[ 	][ 	]*\([_A-Za-z][_A-Za-z0-9]*\)$/\1 \2 \2/p' \> conftest.nm
configure:5764: $? = 0
cannot find nm_test_var in conftest.nm
configure:5754: gcc -c -g -O2  conftest.c >&5
configure:5757: $? = 0
configure:5761: /usr/bin/nm -B conftest.o \| sed -n -e 's/^.*[ 	]\([BCDEGRST][BCDEGRST]*\)[ 	][ 	]*_\([_A-Za-z][_A-Za-z0-9]*\)$/\1 _\2 \2/p' \> conftest.nm
configure:5764: $? = 0
configure:5816: gcc -o conftest -g -O2   conftest.c conftstm.o >&5
warning: (x86_64)  could not find object file symbol for symbol _main
configure:5819: $? = 0
configure:5857: result: ok
configure:5861: checking for objdir
configure:5876: result: .libs
configure:5966: checking for ar
configure:5982: found /usr/bin/ar
configure:5993: result: ar
configure:6046: checking for ranlib
configure:6062: found /usr/bin/ranlib
configure:6073: result: ranlib
configure:6126: checking for strip
configure:6142: found /usr/bin/strip
configure:6153: result: strip
configure:6425: checking if gcc supports -fno-rtti -fno-exceptions
configure:6443: gcc -c -g -O2  -fno-rtti -fno-exceptions conftest.c >&5
configure:6447: $? = 0
configure:6460: result: yes
configure:6475: checking for gcc option to produce PIC
configure:6685: result: -fno-common
configure:6693: checking if gcc PIC flag -fno-common works
configure:6711: gcc -c -g -O2  -fno-common -DPIC conftest.c >&5
configure:6715: $? = 0
configure:6728: result: yes
configure:6756: checking if gcc static flag -static works
configure:6784: result: no
configure:6794: checking if gcc supports -c -o file.o
configure:6815: gcc -c -g -O2  -o out/conftest2.o conftest.c >&5
configure:6819: $? = 0
configure:6841: result: yes
configure:6867: checking whether the gcc linker (/Applications/Xcode.app/Contents/Developer/Toolchains/XcodeDefault.xctoolchain/usr/bin/ld) supports shared libraries
configure:7833: result: yes
configure:7900: checking dynamic linker characteristics
configure:8500: result: darwin15.4.0 dyld
configure:8509: checking how to hardcode library paths into programs
configure:8534: result: immediate
configure:8548: checking whether stripping libraries is possible
configure:8561: result: yes
configure:9380: checking if libtool supports shared libraries
configure:9382: result: yes
configure:9385: checking whether to build shared libraries
configure:9406: result: yes
configure:9409: checking whether to build static libraries
configure:9413: result: yes
configure:9505: creating libtool
configure:10093: checking for ld used by g++
configure:10160: result: /Applications/Xcode.app/Contents/Developer/Toolchains/XcodeDefault.xctoolchain/usr/bin/ld
configure:10169: checking if the linker (/Applications/Xcode.app/Contents/Developer/Toolchains/XcodeDefault.xctoolchain/usr/bin/ld) is GNU ld
configure:10184: result: no
configure:10235: checking whether the g++ linker (/Applications/Xcode.app/Contents/Developer/Toolchains/XcodeDefault.xctoolchain/usr/bin/ld) supports shared libraries
configure:11171: result: yes
configure:11189: g++ -c -g -O2  conftest.cpp >&5
configure:11192: $? = 0
configure:11311: checking for g++ option to produce PIC
configure:11585: result: -fno-common
configure:11593: checking if g++ PIC flag -fno-common works
configure:11611: g++ -c -g -O2  -fno-common -DPIC conftest.cpp >&5
configure:11615: $? = 0
configure:11628: result: yes
configure:11656: checking if g++ static flag -static works
configure:11684: result: no
configure:11694: checking if g++ supports -c -o file.o
configure:11715: g++ -c -g -O2  -o out/conftest2.o conftest.cpp >&5
configure:11719: $? = 0
configure:11741: result: yes
configure:11767: checking whether the g++ linker (/Applications/Xcode.app/Contents/Developer/Toolchains/XcodeDefault.xctoolchain/usr/bin/ld) supports shared libraries
configure:11798: result: yes
configure:11865: checking dynamic linker characteristics
configure:12465: result: darwin15.4.0 dyld
configure:12474: checking how to hardcode library paths into programs
configure:12499: result: immediate
configure:18731: checking for ANSI C header files
configure:18886: result: yes
configure:18901: checking for strings.h
configure:18906: result: yes
configure:19046: checking for an ANSI C-conforming const
configure:19113: gcc -c -g -O2  conftest.c >&5
configure:19119: $? = 0
configure:19122: test -z 			 || test ! -s conftest.err
configure:19125: $? = 0
configure:19128: test -s conftest.o
configure:19131: $? = 0
configure:19142: result: yes
configure:19152: checking for inline
configure:19173: gcc -c -g -O2  conftest.c >&5
configure:19179: $? = 0
configure:19182: test -z 			 || test ! -s conftest.err
configure:19185: $? = 0
configure:19188: test -s conftest.o
configure:19191: $? = 0
configure:19203: result: inline
configure:19227: checking for inttypes.h
configure:19232: result: yes
configure:19371: checking for uint32_t
configure:19395: gcc -c -g -O2  conftest.c >&5
configure:19401: $? = 0
configure:19404: test -z 			 || test ! -s conftest.err
configure:19407: $? = 0
configure:19410: test -s conftest.o
configure:19413: $? = 0
configure:19424: result: yes
configure:21063: checking for library containing nanosleep
configure:21093: gcc -o conftest -g -O2   conftest.c  >&5
configure:21099: $? = 0
configure:21102: test -z 			 || test ! -s conftest.err
configure:21105: $? = 0
configure:21108: test -s conftest
configure:21111: $? = 0
configure:21180: result: none required
configure:21206: checking sys/socket.h usability
configure:21218: gcc -c -g -O2  conftest.c >&5
configure:21224: $? = 0
configure:21227: test -z 			 || test ! -s conftest.err
configure:21230: $? = 0
configure:21233: test -s conftest.o
configure:21236: $? = 0
configure:21246: result: yes
configure:21250: checking sys/socket.h presence
configure:21260: gcc -E  conftest.c
configure:21266: $? = 0
configure:21286: result: yes
configure:21321: checking for sys/socket.h
configure:21328: result: yes
configure:21341: checking for socklen_t
configure:21372: gcc -c -g -O2  conftest.c >&5
configure:21378: $? = 0
configure:21381: test -z 			 || test ! -s conftest.err
configure:21384: $? = 0
configure:21387: test -s conftest.o
configure:21390: $? = 0
configure:21401: result: yes
configure:21415: checking for va_copy
configure:21433: gcc -o conftest -g -O2   conftest.c  >&5
configure:21439: $? = 0
configure:21442: test -z 			 || test ! -s conftest.err
configure:21445: $? = 0
configure:21448: test -s conftest
configure:21451: $? = 0
configure:21453: result: va_copy
configure:21539: checking sys/select.h usability
configure:21551: gcc -c -g -O2  conftest.c >&5
configure:21557: $? = 0
configure:21560: test -z 			 || test ! -s conftest.err
configure:21563: $? = 0
configure:21566: test -s conftest.o
configure:21569: $? = 0
configure:21579: result: yes
configure:21583: checking sys/select.h presence
configure:21593: gcc -E  conftest.c
configure:21599: $? = 0
configure:21619: result: yes
configure:21654: checking for sys/select.h
configure:21661: result: yes
configure:21539: checking sys/uio.h usability
configure:21551: gcc -c -g -O2  conftest.c >&5
configure:21557: $? = 0
configure:21560: test -z 			 || test ! -s conftest.err
configure:21563: $? = 0
configure:21566: test -s conftest.o
configure:21569: $? = 0
configure:21579: result: yes
configure:21583: checking sys/uio.h presence
configure:21593: gcc -E  conftest.c
configure:21599: $? = 0
configure:21619: result: yes
configure:21654: checking for sys/uio.h
configure:21661: result: yes
configure:21684: checking winsock2.h usability
configure:21696: gcc -c -g -O2  conftest.c >&5
conftest.c:73:10: fatal error: 'winsock2.h' file not found
#include <winsock2.h>
         ^
1 error generated.
configure:21702: $? = 1
configure: failed program was:
| /* confdefs.h.  */
| 
| #define PACKAGE_NAME "libshout"
| #define PACKAGE_TARNAME "libshout"
| #define PACKAGE_VERSION "2.2.2"
| #define PACKAGE_STRING "libshout 2.2.2"
| #define PACKAGE_BUGREPORT "icecast-dev@xiph.org"
| #define LIBSHOUT_MAJOR 2
| #define LIBSHOUT_MINOR 2
| #define LIBSHOUT_MICRO 2
| #define PACKAGE "libshout"
| #define VERSION "2.2.2"
| #define STDC_HEADERS 1
| #define HAVE_SYS_TYPES_H 1
| #define HAVE_SYS_STAT_H 1
| #define HAVE_STDLIB_H 1
| #define HAVE_STRING_H 1
| #define HAVE_MEMORY_H 1
| #define HAVE_STRINGS_H 1
| #define HAVE_INTTYPES_H 1
| #define HAVE_STDINT_H 1
| #define HAVE_UNISTD_H 1
| #define HAVE_DLFCN_H 1
| #ifdef __cplusplus
| extern "C" void exit (int);
| #endif
| #define _XOPEN_SOURCE 600
| #define _GNU_SOURCE
| #define STDC_HEADERS 1
| #define HAVE_STRINGS_H 1
| #define HAVE_INTTYPES_H 1
| #define HAVE_C99_INTTYPES 1
| #define HAVE_NANOSLEEP 1
| #define HAVE_SYS_SOCKET_H 1
| #define HAVE_SOCKLEN_T 1
| #define HAVE_SYS_SELECT_H 1
| #define HAVE_SYS_UIO_H 1
| /* end confdefs.h.  */
| #include <stdio.h>
| #if HAVE_SYS_TYPES_H
| # include <sys/types.h>
| #endif
| #if HAVE_SYS_STAT_H
| # include <sys/stat.h>
| #endif
| #if STDC_HEADERS
| # include <stdlib.h>
| # include <stddef.h>
| #else
| # if HAVE_STDLIB_H
| #  include <stdlib.h>
| # endif
| #endif
| #if HAVE_STRING_H
| # if !STDC_HEADERS && HAVE_MEMORY_H
| #  include <memory.h>
| # endif
| # include <string.h>
| #endif
| #if HAVE_STRINGS_H
| # include <strings.h>
| #endif
| #if HAVE_INTTYPES_H
| # include <inttypes.h>
| #else
| # if HAVE_STDINT_H
| #  include <stdint.h>
| # endif
| #endif
| #if HAVE_UNISTD_H
| # include <unistd.h>
| #endif
| #include <winsock2.h>
configure:21724: result: no
configure:21728: checking winsock2.h presence
configure:21738: gcc -E  conftest.c
conftest.c:39:10: fatal error: 'winsock2.h' file not found
#include <winsock2.h>
         ^
1 error generated.
configure:21744: $? = 1
configure: failed program was:
| /* confdefs.h.  */
| 
| #define PACKAGE_NAME "libshout"
| #define PACKAGE_TARNAME "libshout"
| #define PACKAGE_VERSION "2.2.2"
| #define PACKAGE_STRING "libshout 2.2.2"
| #define PACKAGE_BUGREPORT "icecast-dev@xiph.org"
| #define LIBSHOUT_MAJOR 2
| #define LIBSHOUT_MINOR 2
| #define LIBSHOUT_MICRO 2
| #define PACKAGE "libshout"
| #define VERSION "2.2.2"
| #define STDC_HEADERS 1
| #define HAVE_SYS_TYPES_H 1
| #define HAVE_SYS_STAT_H 1
| #define HAVE_STDLIB_H 1
| #define HAVE_STRING_H 1
| #define HAVE_MEMORY_H 1
| #define HAVE_STRINGS_H 1
| #define HAVE_INTTYPES_H 1
| #define HAVE_STDINT_H 1
| #define HAVE_UNISTD_H 1
| #define HAVE_DLFCN_H 1
| #ifdef __cplusplus
| extern "C" void exit (int);
| #endif
| #define _XOPEN_SOURCE 600
| #define _GNU_SOURCE
| #define STDC_HEADERS 1
| #define HAVE_STRINGS_H 1
| #define HAVE_INTTYPES_H 1
| #define HAVE_C99_INTTYPES 1
| #define HAVE_NANOSLEEP 1
| #define HAVE_SYS_SOCKET_H 1
| #define HAVE_SOCKLEN_T 1
| #define HAVE_SYS_SELECT_H 1
| #define HAVE_SYS_UIO_H 1
| /* end confdefs.h.  */
| #include <winsock2.h>
configure:21764: result: no
configure:21799: checking for winsock2.h
configure:21806: result: no
configure:21822: checking for library containing sethostent
configure:21852: gcc -o conftest -g -O2   conftest.c  >&5
configure:21858: $? = 0
configure:21861: test -z 			 || test ! -s conftest.err
configure:21864: $? = 0
configure:21867: test -s conftest
configure:21870: $? = 0
configure:21939: result: none required
configure:21950: checking for library containing getnameinfo
configure:21980: gcc -o conftest -g -O2   conftest.c  >&5
configure:21986: $? = 0
configure:21989: test -z 			 || test ! -s conftest.err
configure:21992: $? = 0
configure:21995: test -s conftest
configure:21998: $? = 0
configure:22067: result: none required
configure:22085: checking for endhostent
configure:22142: gcc -o conftest -g -O2   conftest.c  >&5
configure:22148: $? = 0
configure:22151: test -z 			 || test ! -s conftest.err
configure:22154: $? = 0
configure:22157: test -s conftest
configure:22160: $? = 0
configure:22172: result: yes
configure:22085: checking for getaddrinfo
configure:22142: gcc -o conftest -g -O2   conftest.c  >&5
configure:22148: $? = 0
configure:22151: test -z 			 || test ! -s conftest.err
configure:22154: $? = 0
configure:22157: test -s conftest
configure:22160: $? = 0
configure:22172: result: yes
configure:22085: checking for inet_aton
configure:22142: gcc -o conftest -g -O2   conftest.c  >&5
configure:22148: $? = 0
configure:22151: test -z 			 || test ! -s conftest.err
configure:22154: $? = 0
configure:22157: test -s conftest
configure:22160: $? = 0
configure:22172: result: yes
configure:22085: checking for writev
configure:22142: gcc -o conftest -g -O2   conftest.c  >&5
configure:22148: $? = 0
configure:22151: test -z 			 || test ! -s conftest.err
configure:22154: $? = 0
configure:22157: test -s conftest
configure:22160: $? = 0
configure:22172: result: yes
configure:22184: checking for struct sockaddr_storage.ss_family
configure:22209: gcc -c -g -O2  conftest.c >&5
configure:22215: $? = 0
configure:22218: test -z 			 || test ! -s conftest.err
configure:22221: $? = 0
configure:22224: test -s conftest.o
configure:22227: $? = 0
configure:22285: result: yes
configure:22297: checking for inet_pton
configure:22354: gcc -o conftest -g -O2   conftest.c  >&5
configure:22360: $? = 0
configure:22363: test -z 			 || test ! -s conftest.err
configure:22366: $? = 0
configure:22369: test -s conftest
configure:22372: $? = 0
configure:22384: result: yes
configure:22598: checking for the pthreads library -lpthreads
configure:22636: gcc -o conftest -g -O2    conftest.c -lpthreads  >&5
ld: library not found for -lpthreads
clang: error: linker command failed with exit code 1 (use -v to see invocation)
configure:22642: $? = 1
configure: failed program was:
| /* confdefs.h.  */
| 
| #define PACKAGE_NAME "libshout"
| #define PACKAGE_TARNAME "libshout"
| #define PACKAGE_VERSION "2.2.2"
| #define PACKAGE_STRING "libshout 2.2.2"
| #define PACKAGE_BUGREPORT "icecast-dev@xiph.org"
| #define LIBSHOUT_MAJOR 2
| #define LIBSHOUT_MINOR 2
| #define LIBSHOUT_MICRO 2
| #define PACKAGE "libshout"
| #define VERSION "2.2.2"
| #define STDC_HEADERS 1
| #define HAVE_SYS_TYPES_H 1
| #define HAVE_SYS_STAT_H 1
| #define HAVE_STDLIB_H 1
| #define HAVE_STRING_H 1
| #define HAVE_MEMORY_H 1
| #define HAVE_STRINGS_H 1
| #define HAVE_INTTYPES_H 1
| #define HAVE_STDINT_H 1
| #define HAVE_UNISTD_H 1
| #define HAVE_DLFCN_H 1
| #ifdef __cplusplus
| extern "C" void exit (int);
| #endif
| #define _XOPEN_SOURCE 600
| #define _GNU_SOURCE
| #define STDC_HEADERS 1
| #define HAVE_STRINGS_H 1
| #define HAVE_INTTYPES_H 1
| #define HAVE_C99_INTTYPES 1
| #define HAVE_NANOSLEEP 1
| #define HAVE_SYS_SOCKET_H 1
| #define HAVE_SOCKLEN_T 1
| #define HAVE_SYS_SELECT_H 1
| #define HAVE_SYS_UIO_H 1
| #define HAVE_SETHOSTENT 1
| #define HAVE_GETNAMEINFO 1
| #define HAVE_ENDHOSTENT 1
| #define HAVE_GETADDRINFO 1
| #define HAVE_INET_ATON 1
| #define HAVE_WRITEV 1
| #define HAVE_STRUCT_SOCKADDR_STORAGE_SS_FAMILY 1
| #define HAVE_INET_PTON 1
| /* end confdefs.h.  */
| #include <pthread.h>
| int
| main ()
| {
| pthread_t th; pthread_join(th, 0);
|                      pthread_attr_init(0); pthread_cleanup_push(0, 0);
|                      pthread_create(0,0,0,0); pthread_cleanup_pop(0);
|   ;
|   return 0;
| }
configure:22668: result: no
configure:22545: checking whether pthreads work without any flags
configure:22636: gcc -o conftest -g -O2    conftest.c   >&5
configure:22642: $? = 0
configure:22645: test -z 			 || test ! -s conftest.err
configure:22648: $? = 0
configure:22651: test -s conftest
configure:22654: $? = 0
configure:22668: result: yes
configure:22687: checking for joinable pthread attribute
configure:22707: gcc -o conftest -g -O2    conftest.c   >&5
configure:22713: $? = 0
configure:22716: test -z 			 || test ! -s conftest.err
configure:22719: $? = 0
configure:22722: test -s conftest
configure:22725: $? = 0
configure:22736: result: PTHREAD_CREATE_JOINABLE
configure:22746: checking if more special flags are required for pthreads
configure:22753: result: -D_THREAD_SAFE
configure:22758: checking for pthread_rwlock_t
configure:22783: gcc -c -g -O2   conftest.c >&5
configure:22789: $? = 0
configure:22792: test -z 			 || test ! -s conftest.err
configure:22795: $? = 0
configure:22798: test -s conftest.o
configure:22801: $? = 0
configure:22812: result: yes
configure:22830: checking for cc_r
configure:22857: result: gcc
configure:22964: checking for pkg-config
configure:22982: found /usr/local/bin/pkg-config
configure:22994: result: /usr/local/bin/pkg-config
configure:23009: checking pkg-config is at least version 0.9.0
configure:23012: result: yes
configure:23061: gcc -c -Werror -I/usr/local/include  conftest.c >&5
configure:23067: $? = 0
configure:23070: test -z 			 || test ! -s conftest.err
configure:23073: $? = 0
configure:23076: test -s conftest.o
configure:23079: $? = 0
configure:23100: checking for libogg
configure:23139: gcc -o conftest -g -O2 -I/usr/local/include   -L/usr/local/lib conftest.c   -logg >&5
configure:23145: $? = 0
configure:23148: test -z 			 || test ! -s conftest.err
configure:23151: $? = 0
configure:23154: test -s conftest
configure:23157: $? = 0
configure:23218: result: ok
configure:23239: checking for VORBIS
configure:23247: $PKG_CONFIG --exists --print-errors "vorbis"
configure:23250: $? = 0
configure:23265: $PKG_CONFIG --exists --print-errors "vorbis"
configure:23268: $? = 0
configure:23912: result: yes
configure:23924: checking for THEORA
configure:23932: $PKG_CONFIG --exists --print-errors "theora"
configure:23935: $? = 0
configure:23950: $PKG_CONFIG --exists --print-errors "theora"
configure:23953: $? = 0
configure:24461: result: yes
configure:24468: checking for fgrep
configure:24478: result: grep -F
configure:24532: checking for SPEEX
configure:24540: $PKG_CONFIG --exists --print-errors "speex"
configure:24543: $? = 0
configure:24558: $PKG_CONFIG --exists --print-errors "speex"
configure:24561: $? = 0
configure:25159: result: yes
configure:25225: checking for pkg-config
configure:25241: found /usr/local/bin/pkg-config
configure:25252: result: yes
configure:25354: gcc -c -Werror -I/usr/local/include  conftest.c >&5
configure:25360: $? = 0
configure:25363: test -z 			 || test ! -s conftest.err
configure:25366: $? = 0
configure:25369: test -s conftest.o
configure:25372: $? = 0
configure:25354: gcc -c -Werror -I/usr/local/Cellar/libvorbis/1.3.5/include  conftest.c >&5
configure:25360: $? = 0
configure:25363: test -z 			 || test ! -s conftest.err
configure:25366: $? = 0
configure:25369: test -s conftest.o
configure:25372: $? = 0
configure:25354: gcc -c -Werror -I/usr/local/Cellar/libogg/1.3.2/include  conftest.c >&5
configure:25360: $? = 0
configure:25363: test -z 			 || test ! -s conftest.err
configure:25366: $? = 0
configure:25369: test -s conftest.o
configure:25372: $? = 0
configure:25623: creating shout-config.in
configure:25974: creating ./config.status

## ---------------------- ##
## Running config.status. ##
## ---------------------- ##

This file was extended by libshout config.status 2.2.2, which was
generated by GNU Autoconf 2.59.  Invocation command line was

  CONFIG_FILES    = 
  CONFIG_HEADERS  = 
  CONFIG_LINKS    = 
  CONFIG_COMMANDS = 
  $ ./config.status 

on lincolnsto-ltm1.internal.salesforce.com

config.status:823: creating Makefile
config.status:823: creating debian/Makefile
config.status:823: creating include/Makefile
config.status:823: creating include/shout/Makefile
config.status:823: creating include/shout/shout.h
config.status:823: creating src/Makefile
config.status:823: creating src/net/Makefile
config.status:823: creating src/timing/Makefile
config.status:823: creating src/thread/Makefile
config.status:823: creating src/avl/Makefile
config.status:823: creating src/httpp/Makefile
config.status:823: creating doc/Makefile
config.status:823: creating examples/Makefile
config.status:823: creating win32/Makefile
config.status:823: creating shout-config
config.status:823: creating shout.pc
config.status:889: creating config.h
config.status:1247: executing depfiles commands

## ---------------- ##
## Cache variables. ##
## ---------------- ##

ac_cv_build=i686-apple-darwin15.4.0
ac_cv_build_alias=i686-apple-darwin15.4.0
ac_cv_c_compiler_gnu=yes
ac_cv_c_const=yes
ac_cv_c_inline=inline
ac_cv_cxx_compiler_gnu=yes
ac_cv_env_CC_set=
ac_cv_env_CC_value=
ac_cv_env_CFLAGS_set=
ac_cv_env_CFLAGS_value=
ac_cv_env_CPPFLAGS_set=
ac_cv_env_CPPFLAGS_value=
ac_cv_env_CPP_set=
ac_cv_env_CPP_value=
ac_cv_env_CXXCPP_set=
ac_cv_env_CXXCPP_value=
ac_cv_env_CXXFLAGS_set=
ac_cv_env_CXXFLAGS_value=
ac_cv_env_CXX_set=
ac_cv_env_CXX_value=
ac_cv_env_F77_set=
ac_cv_env_F77_value=
ac_cv_env_FFLAGS_set=
ac_cv_env_FFLAGS_value=
ac_cv_env_LDFLAGS_set=
ac_cv_env_LDFLAGS_value=
ac_cv_env_OGG_PREFIX_set=
ac_cv_env_OGG_PREFIX_value=
ac_cv_env_PKG_CONFIG_set=
ac_cv_env_PKG_CONFIG_value=
ac_cv_env_SPEEX_CFLAGS_set=
ac_cv_env_SPEEX_CFLAGS_value=
ac_cv_env_SPEEX_LIBS_set=
ac_cv_env_SPEEX_LIBS_value=
ac_cv_env_SPEEX_set=
ac_cv_env_SPEEX_value=
ac_cv_env_THEORA_CFLAGS_set=
ac_cv_env_THEORA_CFLAGS_value=
ac_cv_env_THEORA_LIBS_set=
ac_cv_env_THEORA_LIBS_value=
ac_cv_env_THEORA_set=
ac_cv_env_THEORA_value=
ac_cv_env_VORBIS_CFLAGS_set=
ac_cv_env_VORBIS_CFLAGS_value=
ac_cv_env_VORBIS_LIBS_set=
ac_cv_env_VORBIS_LIBS_value=
ac_cv_env_VORBIS_PREFIX_set=
ac_cv_env_VORBIS_PREFIX_value=
ac_cv_env_build_alias_set=
ac_cv_env_build_alias_value=
ac_cv_env_host_alias_set=
ac_cv_env_host_alias_value=
ac_cv_env_target_alias_set=
ac_cv_env_target_alias_value=
ac_cv_exeext=
ac_cv_f77_compiler_gnu=no
ac_cv_func_endhostent=yes
ac_cv_func_getaddrinfo=yes
ac_cv_func_inet_aton=yes
ac_cv_func_inet_pton=yes
ac_cv_func_writev=yes
ac_cv_header_dlfcn_h=yes
ac_cv_header_inttypes_h=yes
ac_cv_header_memory_h=yes
ac_cv_header_stdc=yes
ac_cv_header_stdint_h=yes
ac_cv_header_stdlib_h=yes
ac_cv_header_string_h=yes
ac_cv_header_strings_h=yes
ac_cv_header_sys_select_h=yes
ac_cv_header_sys_socket_h=yes
ac_cv_header_sys_stat_h=yes
ac_cv_header_sys_types_h=yes
ac_cv_header_sys_uio_h=yes
ac_cv_header_unistd_h=yes
ac_cv_header_winsock2_h=no
ac_cv_host=i686-apple-darwin15.4.0
ac_cv_host_alias=i686-apple-darwin15.4.0
ac_cv_member_struct_sockaddr_storage_ss_family=yes
ac_cv_objext=o
ac_cv_path_ac_pt_PKG_CONFIG=/usr/local/bin/pkg-config
ac_cv_path_install='/usr/bin/install -c'
ac_cv_prog_AWK=awk
ac_cv_prog_CPP='gcc -E'
ac_cv_prog_CXXCPP='g++ -E'
ac_cv_prog_PKGCONFIG=yes
ac_cv_prog_PTHREAD_CC=gcc
ac_cv_prog_ac_ct_AR=ar
ac_cv_prog_ac_ct_CC=gcc
ac_cv_prog_ac_ct_CXX=g++
ac_cv_prog_ac_ct_RANLIB=ranlib
ac_cv_prog_ac_ct_STRIP=strip
ac_cv_prog_cc_g=yes
ac_cv_prog_cc_stdc=
ac_cv_prog_cxx_g=yes
ac_cv_prog_egrep='grep -E'
ac_cv_prog_f77_g=no
ac_cv_prog_fgrep='grep -F'
ac_cv_prog_make_make_set=yes
ac_cv_search_getnameinfo='none required'
ac_cv_search_nanosleep='none required'
ac_cv_search_sethostent='none required'
ac_cv_type_pthread_rwlock_t=yes
ac_cv_type_socklen_t=yes
ac_cv_type_uint32_t=yes
am_cv_CC_dependencies_compiler_type=gcc3
am_cv_CXX_dependencies_compiler_type=gcc3
lt_cv_deplibs_check_method=pass_all
lt_cv_file_magic_cmd='$MAGIC_CMD'
lt_cv_file_magic_test_file=
lt_cv_ld_reload_flag=-r
lt_cv_objdir=.libs
lt_cv_path_LD=/Applications/Xcode.app/Contents/Developer/Toolchains/XcodeDefault.xctoolchain/usr/bin/ld
lt_cv_path_LDCXX=/Applications/Xcode.app/Contents/Developer/Toolchains/XcodeDefault.xctoolchain/usr/bin/ld
lt_cv_path_NM='/usr/bin/nm -B'
lt_cv_path_SED=/usr/bin/sed
lt_cv_prog_compiler_c_o=yes
lt_cv_prog_compiler_c_o_CXX=yes
lt_cv_prog_compiler_rtti_exceptions=yes
lt_cv_prog_gnu_ld=no
lt_cv_prog_gnu_ldcxx=no
lt_cv_sys_global_symbol_pipe='sed -n -e '\''s/^.*[ 	]\([BCDEGRST][BCDEGRST]*\)[ 	][ 	]*_\([_A-Za-z][_A-Za-z0-9]*\)$/\1 _\2 \2/p'\'''
lt_cv_sys_global_symbol_to_c_name_address='sed -n -e '\''s/^: \([^ ]*\) $/  {\"\1\", (lt_ptr) 0},/p'\'' -e '\''s/^[BCDEGRST] \([^ ]*\) \([^ ]*\)$/  {"\2", (lt_ptr) \&\2},/p'\'''
lt_cv_sys_global_symbol_to_cdecl='sed -n -e '\''s/^. .* \(.*\)$/extern int \1;/p'\'''
lt_cv_sys_max_cmd_len=196608
lt_lt_cv_prog_compiler_c_o='"yes"'
lt_lt_cv_prog_compiler_c_o_CXX='"yes"'
lt_lt_cv_sys_global_symbol_pipe='"sed -n -e '\''s/^.*[ 	]\\([BCDEGRST][BCDEGRST]*\\)[ 	][ 	]*_\\([_A-Za-z][_A-Za-z0-9]*\\)\$/\\1 _\\2 \\2/p'\''"'
lt_lt_cv_sys_global_symbol_to_c_name_address='"sed -n -e '\''s/^: \\([^ ]*\\) \$/  {\\\"\\1\\\", (lt_ptr) 0},/p'\'' -e '\''s/^[BCDEGRST] \\([^ ]*\\) \\([^ ]*\\)\$/  {\"\\2\", (lt_ptr) \\&\\2},/p'\''"'
lt_lt_cv_sys_global_symbol_to_cdecl='"sed -n -e '\''s/^. .* \\(.*\\)\$/extern int \\1;/p'\''"'
pkg_cv_SPEEX_CFLAGS=-I/usr/local/Cellar/speex/1.2rc1/include
pkg_cv_SPEEX_LIBS='-L/usr/local/Cellar/speex/1.2rc1/lib -lspeex'
pkg_cv_THEORA_CFLAGS='-I/usr/local/Cellar/theora/1.1.1/include -I/usr/local/Cellar/libogg/1.3.2/include'
pkg_cv_THEORA_LIBS='-L/usr/local/Cellar/theora/1.1.1/lib -L/usr/local/Cellar/libogg/1.3.2/lib -ltheora -logg'
pkg_cv_VORBIS_CFLAGS='-I/usr/local/Cellar/libvorbis/1.3.5/include -I/usr/local/Cellar/libogg/1.3.2/include'
pkg_cv_VORBIS_LIBS='-L/usr/local/Cellar/libvorbis/1.3.5/lib -lvorbis'
xt_cv_lib_ogg=ok

## ----------------- ##
## Output variables. ##
## ----------------- ##

ACLOCAL='${SHELL} /Users/lincoln.stoll/src/github.com/lstoll/iceshift/libshout/missing --run aclocal-1.9'
AMDEPBACKSLASH='\'
AMDEP_FALSE='#'
AMDEP_TRUE=''
AMTAR='${SHELL} /Users/lincoln.stoll/src/github.com/lstoll/iceshift/libshout/missing --run tar'
AR='ar'
AUTOCONF='${SHELL} /Users/lincoln.stoll/src/github.com/lstoll/iceshift/libshout/missing --run autoconf'
AUTOHEADER='${SHELL} /Users/lincoln.stoll/src/github.com/lstoll/iceshift/libshout/missing --run autoheader'
AUTOMAKE='${SHELL} /Users/lincoln.stoll/src/github.com/lstoll/iceshift/libshout/missing --run automake-1.9'
AWK='awk'
CC='gcc'
CCDEPMODE='depmode=gcc3'
CFLAGS='-g -O2'
CPP='gcc -E'
CPPFLAGS=''
CXX='g++'
CXXCPP='g++ -E'
CXXDEPMODE='depmode=gcc3'
CXXFLAGS='-g -O2'
CYGPATH_W='echo'
DEBUG='-g'
DEFS='-DHAVE_CONFIG_H'
DEPDIR='.deps'
ECHO='/bin/echo'
ECHO_C='ECHO_N=''
ECHO_T=''
EGREP='grep -E'
EXEEXT=''
F77=''
FFLAGS=''
FGREP='grep -F'
HAVE_PKGCONFIG_FALSE='#'
HAVE_PKGCONFIG_TRUE=''
HAVE_SPEEX_FALSE='#'
HAVE_SPEEX_TRUE=''
HAVE_THEORA_FALSE='#'
HAVE_THEORA_TRUE=''
HAVE_THREAD_FALSE='#'
HAVE_THREAD_TRUE=''
INSTALL_DATA='${INSTALL} -m 644'
INSTALL_PROGRAM='${INSTALL}'
INSTALL_SCRIPT='${INSTALL}'
INSTALL_STRIP_PROGRAM='${SHELL} $(install_sh) -c -s'
LDFLAGS=''
LIBOBJS=''
LIBS=' '
LIBTOOL='$(SHELL) $(top_builddir)/libtool'
LIBTOOL_DEPS='./ltmain.sh'
LN_S='ln -s'
LTLIBOBJS=''
MAINT='#'
MAINTAINER_MODE_FALSE=''
MAINTAINER_MODE_TRUE='#'
MAKEINFO='${SHELL} /Users/lincoln.stoll/src/github.com/lstoll/iceshift/libshout/missing --run makeinfo'
OBJEXT='o'
OGG_CFLAGS='-I/usr/local/include'
OGG_LDFLAGS='-L/usr/local/lib'
OGG_LIBS='-logg'
OGG_PREFIX=''
OPT=''
PACKAGE='libshout'
PACKAGE_BUGREPORT='icecast-dev@xiph.org'
PACKAGE_NAME='libshout'
PACKAGE_STRING='libshout 2.2.2'
PACKAGE_TARNAME='libshout'
PACKAGE_VERSION='2.2.2'
PATH_SEPARATOR=':'
PKGCONFIG='yes'
PKG_CONFIG='/usr/local/bin/pkg-config'
PROFILE='-pg -g'
PTHREAD_CC='gcc'
PTHREAD_CFLAGS=''
PTHREAD_CPPFLAGS='-D_THREAD_SAFE '
PTHREAD_LIBS=''
RANLIB='ranlib'
SET_MAKE=''
SHELL='/bin/sh'
SHOUT_CFLAGS=''
SHOUT_CONFIG='shout-config'
SHOUT_CPPFLAGS=' -I/usr/local/include -I/usr/local/Cellar/libvorbis/1.3.5/include -I/usr/local/Cellar/libogg/1.3.2/include -D_THREAD_SAFE'
SHOUT_LIBDEPS=' -L/usr/local/Cellar/libvorbis/1.3.5/lib -lvorbis -L/usr/local/Cellar/theora/1.1.1/lib -L/usr/local/Cellar/libogg/1.3.2/lib -ltheora -logg -L/usr/local/Cellar/speex/1.2rc1/lib -lspeex'
SHOUT_REQUIRES='ogg, vorbis, theora, speex'
SHOUT_THREADSAFE='1'
SHOUT_VERSION='2.2.2'
SPEEX=''
SPEEX_CFLAGS='-I/usr/local/Cellar/speex/1.2rc1/include'
SPEEX_LDFLAGS=''
SPEEX_LIBS='-L/usr/local/Cellar/speex/1.2rc1/lib -lspeex'
STRIP='strip'
THEORA=''
THEORA_CFLAGS='-I/usr/local/Cellar/theora/1.1.1/include -I/usr/local/Cellar/libogg/1.3.2/include'
THEORA_LDFLAGS=''
THEORA_LIBS='-L/usr/local/Cellar/theora/1.1.1/lib -L/usr/local/Cellar/libogg/1.3.2/lib -ltheora -logg'
VERSION='2.2.2'
VORBISENC_LIBS=''
VORBISFILE_LIBS=''
VORBIS_CFLAGS='-I/usr/local/Cellar/libvorbis/1.3.5/include -I/usr/local/Cellar/libogg/1.3.2/include'
VORBIS_LDFLAGS=''
VORBIS_LIBS=' -L/usr/local/Cellar/libvorbis/1.3.5/lib -lvorbis'
VORBIS_PREFIX=''
XIPH_CFLAGS='-Wall -ffast-math -fsigned-char  -D_THREAD_SAFE  -I/usr/local/Cellar/libvorbis/1.3.5/include -I/usr/local/Cellar/libogg/1.3.2/include'
XIPH_CPPFLAGS=' -I/usr/local/Cellar/theora/1.1.1/include -I/usr/local/Cellar/libogg/1.3.2/include -I/usr/local/Cellar/speex/1.2rc1/include'
ac_ct_AR='ar'
ac_ct_CC='gcc'
ac_ct_CXX='g++'
ac_ct_F77=''
ac_ct_RANLIB='ranlib'
ac_ct_STRIP='strip'
ac_pt_PKG_CONFIG='/usr/local/bin/pkg-config'
acx_pthread_config=''
am__fastdepCC_FALSE='#'
am__fastdepCC_TRUE=''
am__fastdepCXX_FALSE='#'
am__fastdepCXX_TRUE=''
am__include='include'
am__leading_dot='.'
am__quote=''
am__tar='${AMTAR} chof - "$$tardir"'
am__untar='${AMTAR} xf -'
bindir='${exec_prefix}/bin'
build='i686-apple-darwin15.4.0'
build_alias=''
build_cpu='i686'
build_os='darwin15.4.0'
build_vendor='apple'
datadir='${prefix}/share'
exec_prefix='${prefix}'
host='i686-apple-darwin15.4.0'
host_alias=''
host_cpu='i686'
host_os='darwin15.4.0'
host_vendor='apple'
includedir='${prefix}/include'
infodir='${prefix}/info'
install_sh='/Users/lincoln.stoll/src/github.com/lstoll/iceshift/libshout/install-sh'
libdir='${exec_prefix}/lib'
libexecdir='${exec_prefix}/libexec'
localstatedir='${prefix}/var'
mandir='${prefix}/man'
mkdir_p='$(install_sh) -d'
oldincludedir='/usr/include'
prefix='/usr/local'
program_transform_name='s,x,x,'
sbindir='${exec_prefix}/sbin'
sharedstatedir='${prefix}/com'
shout_cflags=''
shout_cppflags=' -I/usr/local/include -I/usr/local/Cellar/libvorbis/1.3.5/include -I/usr/local/Cellar/libogg/1.3.2/include -D_THREAD_SAFE'
shout_libs='-lshout  -L/usr/local/Cellar/libvorbis/1.3.5/lib -lvorbis -L/usr/local/Cellar/theora/1.1.1/lib -L/usr/local/Cellar/libogg/1.3.2/lib -ltheora -logg -L/usr/local/Cellar/speex/1.2rc1/lib -lspeex'
sysconfdir='${prefix}/etc'
target=''
target_alias=''

## ----------- ##
## confdefs.h. ##
## ----------- ##

#define HAVE_C99_INTTYPES 1
#define HAVE_DLFCN_H 1
#define HAVE_ENDHOSTENT 1
#define HAVE_GETADDRINFO 1
#define HAVE_GETNAMEINFO 1
#define HAVE_INET_ATON 1
#define HAVE_INET_PTON 1
#define HAVE_INTTYPES_H 1
#define HAVE_INTTYPES_H 1
#define HAVE_MEMORY_H 1
#define HAVE_NANOSLEEP 1
#define HAVE_OGG 1
#define HAVE_PTHREAD_RWLOCK_T 1
#define HAVE_SETHOSTENT 1
#define HAVE_SOCKLEN_T 1
#define HAVE_SPEEX 1
#define HAVE_STDINT_H 1
#define HAVE_STDLIB_H 1
#define HAVE_STRINGS_H 1
#define HAVE_STRINGS_H 1
#define HAVE_STRING_H 1
#define HAVE_STRUCT_SOCKADDR_STORAGE_SS_FAMILY 1
#define HAVE_SYS_SELECT_H 1
#define HAVE_SYS_SOCKET_H 1
#define HAVE_SYS_STAT_H 1
#define HAVE_SYS_TYPES_H 1
#define HAVE_SYS_UIO_H 1
#define HAVE_THEORA 1
#define HAVE_UNISTD_H 1
#define HAVE_WRITEV 1
#define LIBSHOUT_MAJOR 2
#define LIBSHOUT_MICRO 2
#define LIBSHOUT_MINOR 2
#define PACKAGE "libshout"
#define PACKAGE_BUGREPORT "icecast-dev@xiph.org"
#define PACKAGE_NAME "libshout"
#define PACKAGE_STRING "libshout 2.2.2"
#define PACKAGE_TARNAME "libshout"
#define PACKAGE_VERSION "2.2.2"
#define STDC_HEADERS 1
#define STDC_HEADERS 1
#define VERSION "2.2.2"
#define _GNU_SOURCE
#define _XOPEN_SOURCE 600
#endif
#ifdef __cplusplus
extern "C" void exit (int);

configure: exit 0
